{
  "stats": {
    "suites": 35,
    "tests": 46,
    "passes": 46,
    "pending": 0,
    "failures": 0,
    "start": "2016-04-02T02:47:08.660Z",
    "end": "2016-04-02T02:47:09.476Z"
  },
  "coverage": {
    "total": {
      "statementsTotal": 62,
      "statementsCovered": 62,
      "percentage": 100
    },
    "files": [
      {
        "name": "ember-cli-path-inspector/initializers/inject-path-inspector",
        "statementsTotal": 7,
        "statementsCovered": 7,
        "percentage": 100
      },
      {
        "name": "ember-cli-path-inspector/services/path-inspector",
        "statementsTotal": 55,
        "statementsCovered": 55,
        "percentage": 100
      }
    ]
  }
}